<?xml version="1.0" encoding="UTF-8"?>
<!-- Generated by org.testng.reporters.JUnitReportReporter -->
<testsuite hostname="LAPTOP-79S3JQ5D" failures="0" tests="1" name="intro.SummarizeColumnsRows" time="34.882" errors="0" timestamp="2024-03-14T14:23:27 CST" skipped="0">
  <testcase classname="intro.SummarizeColumnsRows" name="testSeven" time="34.882"/>
</testsuite> <!-- intro.SummarizeColumnsRows -->
