<?xml version="1.0" encoding="UTF-8"?>
<!-- Generated by org.testng.reporters.JUnitReportReporter -->
<testsuite hostname="LAPTOP-79S3JQ5D" failures="0" tests="1" name="intro.SummarizeMatrix" time="30.868" errors="0" timestamp="2024-03-14T13:54:32 CST" skipped="0">
  <testcase classname="intro.SummarizeMatrix" name="testEight" time="30.868"/>
</testsuite> <!-- intro.SummarizeMatrix -->
