<?xml version="1.0" encoding="UTF-8"?>
<!-- Generated by org.testng.reporters.JUnitReportReporter -->
<testsuite hostname="LAPTOP-79S3JQ5D" failures="0" tests="1" name="intro.Iframes" time="24.836" errors="0" timestamp="2024-03-14T14:23:27 CST" skipped="0">
  <testcase classname="intro.Iframes" name="testFour" time="24.836"/>
</testsuite> <!-- intro.Iframes -->
